<?xml version="1.0" encoding="UTF-8"?>
<!-- Generated by org.testng.reporters.JUnitXMLReporter -->
<testsuite ignored="12" hostname="STGIDT-NEW-168" failures="0" tests="1" name="Default test" time="0.063" errors="0" timestamp="2023-08-28T13:37:38 IST">
  <testcase classname="com.test.SampleTest" name="reverseString" time="0.009"/>
  <testcase classname="com.test.SampleTest" name="swap2" time="0.0">
    <ignored/>
  </testcase> <!-- swap2 -->
  <testcase classname="com.test.SampleTest" name="javaLetter" time="0.0">
    <ignored/>
  </testcase> <!-- javaLetter -->
  <testcase classname="com.test.SampleTest" name="sumEven" time="0.0">
    <ignored/>
  </testcase> <!-- sumEven -->
  <testcase classname="com.test.SampleTest" name="arrayAdd" time="0.0">
    <ignored/>
  </testcase> <!-- arrayAdd -->
  <testcase classname="com.test.SampleTest" name="array" time="0.0">
    <ignored/>
  </testcase> <!-- array -->
  <testcase classname="com.test.SampleTest" name="multipleTable" time="0.0">
    <ignored/>
  </testcase> <!-- multipleTable -->
  <testcase classname="com.test.SampleTest" name="remainderAndQuotient" time="0.0">
    <ignored/>
  </testcase> <!-- remainderAndQuotient -->
  <testcase classname="com.test.SampleTest" name="add2Num" time="0.0">
    <ignored/>
  </testcase> <!-- add2Num -->
  <testcase classname="com.test.SampleTest" name="oddOrEven" time="0.0">
    <ignored/>
  </testcase> <!-- oddOrEven -->
  <testcase classname="com.test.SampleTest" name="addTwoNum" time="0.0">
    <ignored/>
  </testcase> <!-- addTwoNum -->
  <testcase classname="com.test.SampleTest" name="ascii" time="0.0">
    <ignored/>
  </testcase> <!-- ascii -->
  <testcase classname="com.test.SampleTest" name="areaCal" time="0.0">
    <ignored/>
  </testcase> <!-- areaCal -->
</testsuite> <!-- Default test -->
